<?xml version="1.0" encoding="utf-8"?><testsuite errors="0" failures="0" name="pytest" skips="0" tests="13" time="4.579"><testcase classname="test_main" file="test_main.py" line="15" name="test_get_temperature_by_lat_lng[62--14.235004--51.92528-16]" time="0.0017483234405517578"></testcase><testcase classname="test_main" file="test_main.py" line="15" name="test_get_temperature_by_lat_lng[62.54--14.235004--51.92528-16]" time="0.0015215873718261719"></testcase><testcase classname="test_main" file="test_main.py" line="15" name="test_get_temperature_by_lat_lng[5-15.58564--13.85478--15]" time="0.0016503334045410156"></testcase><testcase classname="test_main" file="test_main.py" line="15" name="test_get_temperature_by_lat_lng[-13-22.8523-17.358746--25]" time="0.0015637874603271484"></testcase><testcase classname="test_main" file="test_main.py" line="15" name="test_get_temperature_by_lat_lng[0-22.8523-17.358746--17]" time="0.0014967918395996094"></testcase><testcase classname="test_main" file="test_main.py" line="42" name="test_get_temperature_with_invalid_lat_lng[62-90.003453-17.358746-expected0]" time="0.7776334285736084"></testcase><testcase classname="test_main" file="test_main.py" line="42" name="test_get_temperature_with_invalid_lat_lng[62--90.003453-17.358746-expected1]" time="0.7551913261413574"></testcase><testcase classname="test_main" file="test_main.py" line="42" name="test_get_temperature_with_invalid_lat_lng[62-32.23456-180.358746-expected2]" time="0.7354030609130859"></testcase><testcase classname="test_main" file="test_main.py" line="42" name="test_get_temperature_with_invalid_lat_lng[62-32.23456--180.358746-expected3]" time="0.6994006633758545"></testcase><testcase classname="test_main" file="test_main.py" line="58" name="test_get_temperature_with_invalid_lat_lng_type[62-None-17.358746-expected0]" time="0.7252533435821533"></testcase><testcase classname="test_main" file="test_main.py" line="58" name="test_get_temperature_with_invalid_lat_lng_type[62--90.003453-Test-expected1]" time="0.7858855724334717"></testcase><testcase classname="test_main" file="test_main.py" line="73" name="test_get_temperature_with_unexpected_return[None-89.98345-17.358746-Invalid type data]" time="0.005555391311645508"></testcase><testcase classname="test_main" file="test_main.py" line="73" name="test_get_temperature_with_unexpected_return[Test-15.23098-17.358746-Invalid type data]" time="0.0032532215118408203"></testcase></testsuite>