<?xml version="1.0" encoding="utf-8"?><testsuite errors="0" failures="0" name="pytest" skips="0" tests="8" time="0.344"><testcase classname="test_submit.TestChallenge10" file="test_submit.py" line="8" name="test_0" time="0.03750777244567871"></testcase><testcase classname="test_submit.TestChallenge10" file="test_submit.py" line="14" name="test_01" time="0.0020704269409179688"></testcase><testcase classname="test_submit.TestChallenge10" file="test_submit.py" line="20" name="test_1" time="0.0014255046844482422"></testcase><testcase classname="test_submit.TestChallenge10" file="test_submit.py" line="26" name="test_2" time="0.0013606548309326172"></testcase><testcase classname="test_submit.TestChallenge10" file="test_submit.py" line="32" name="test_3" time="0.001374959945678711"></testcase><testcase classname="test_submit.TestChallenge10" file="test_submit.py" line="38" name="test_4" time="0.0014028549194335938"></testcase><testcase classname="test_submit.TestChallenge10" file="test_submit.py" line="43" name="test_5" time="0.0014605522155761719"></testcase><testcase classname="test_submit.TestChallenge10" file="test_submit.py" line="48" name="test_6" time="0.0015039443969726562"></testcase></testsuite>